<?xml version="1.0" encoding="UTF-8"?>
<!-- Generated by org.testng.reporters.JUnitReportReporter -->
<testsuite hostname="Mathi" failures="0" tests="1" name="com.crm.VTiger2.practice.ExtentReportsExampleProgram" time="13.456" errors="0" timestamp="2023-12-23T14:52:42 IST" skipped="0">
  <testcase classname="com.crm.VTiger2.practice.ExtentReportsExampleProgram" name="report" time="13.456"/>
</testsuite> <!-- com.crm.VTiger2.practice.ExtentReportsExampleProgram -->
