<?xml version="1.0" encoding="UTF-8"?>
<!-- Generated by org.testng.reporters.JUnitReportReporter -->
<testsuite hostname="Mathi" failures="0" tests="1" name="com.crm.VTiger2.practice.BasicPractice" time="38.663" errors="0" timestamp="2023-12-11T21:12:24 IST" skipped="0">
  <testcase classname="com.crm.VTiger2.practice.BasicPractice" name="method1" time="38.663">
    <system-out>
      <![CDATA[9688603286]]>
    </system-out>
  </testcase> <!-- method1 -->
  <system-out>
    <![CDATA[9688603286]]>
  </system-out>
</testsuite> <!-- com.crm.VTiger2.practice.BasicPractice -->
