<?xml version="1.0" encoding="UTF-8"?>
<!-- Generated by org.testng.reporters.JUnitReportReporter -->
<testsuite hostname="Mathi" failures="0" tests="2" name="com.crm.vtiger.practice.DataProviderPractice" time="0.011" errors="0" timestamp="2023-10-12T14:26:16 IST" skipped="0">
  <testcase classname="com.crm.vtiger.practice.DataProviderPractice" name="create" time="0.007"/>
  <testcase classname="com.crm.vtiger.practice.DataProviderPractice" name="create" time="0.004"/>
</testsuite> <!-- com.crm.vtiger.practice.DataProviderPractice -->
