<?xml version="1.0" encoding="UTF-8"?>
<!-- Generated by org.testng.reporters.JUnitReportReporter -->
<testsuite hostname="Mathi" failures="0" tests="1" name="com.crm.vtiger.ParallelExecution.CrateOrganisationTestByUsingTestNG" time="20.214" errors="0" timestamp="2023-10-14T13:56:36 IST" skipped="0">
  <testcase classname="com.crm.vtiger.ParallelExecution.CrateOrganisationTestByUsingTestNG" name="verifyuserCreateOrganisation" time="20.214"/>
</testsuite> <!-- com.crm.vtiger.ParallelExecution.CrateOrganisationTestByUsingTestNG -->
