<?xml version="1.0" encoding="UTF-8"?>
<!-- Generated by org.testng.reporters.JUnitReportReporter -->
<testsuite hostname="Mathi" failures="0" tests="3" name="com.crm.vtiger.practice.DataProviderPractice" time="0.012" errors="0" timestamp="2023-10-12T14:34:58 IST" skipped="0">
  <testcase classname="com.crm.vtiger.practice.DataProviderPractice" name="create" time="0.007"/>
  <testcase classname="com.crm.vtiger.practice.DataProviderPractice" name="create" time="0.003"/>
  <testcase classname="com.crm.vtiger.practice.DataProviderPractice" name="create" time="0.002"/>
</testsuite> <!-- com.crm.vtiger.practice.DataProviderPractice -->
