<?xml version="1.0" encoding="UTF-8"?>
<!-- Generated by org.testng.reporters.JUnitReportReporter -->
<testsuite hostname="Mathi" failures="0" tests="1" name="com.crm.vtiger.organisation.CrateMultipleOrgTest" time="9.573" errors="0" timestamp="2023-10-14T13:46:38 IST" skipped="0">
  <testcase classname="com.crm.vtiger.organisation.CrateMultipleOrgTest" name="regional" time="9.573"/>
</testsuite> <!-- com.crm.vtiger.organisation.CrateMultipleOrgTest -->
