<?xml version="1.0" encoding="UTF-8"?>
<!-- Generated by org.testng.reporters.JUnitReportReporter -->
<testsuite hostname="Mathi" failures="0" tests="3" name="com.crm.vtiger.practice.GetDataFromAnotherClass" time="0.014" errors="0" timestamp="2023-10-12T14:50:11 IST" skipped="0">
  <testcase classname="com.crm.vtiger.practice.GetDataFromAnotherClass" name="getData" time="0.008"/>
  <testcase classname="com.crm.vtiger.practice.GetDataFromAnotherClass" name="getData" time="0.004"/>
  <testcase classname="com.crm.vtiger.practice.GetDataFromAnotherClass" name="getData" time="0.002"/>
</testsuite> <!-- com.crm.vtiger.practice.GetDataFromAnotherClass -->
