<?xml version="1.0" encoding="UTF-8"?>
<!-- Generated by org.testng.reporters.JUnitReportReporter -->
<testsuite hostname="Mathi" failures="0" tests="5" name="com.crm.vtiger.ParallelExecution.CrateOMultipleContactUsingTest" time="99.518" errors="0" timestamp="2023-10-14T13:56:36 IST" skipped="0">
  <testcase classname="com.crm.vtiger.ParallelExecution.CrateOMultipleContactUsingTest" name="verifyUserCreateConact" time="24.044"/>
  <testcase classname="com.crm.vtiger.ParallelExecution.CrateOMultipleContactUsingTest" name="verifyUserCreateConact" time="20.702"/>
  <testcase classname="com.crm.vtiger.ParallelExecution.CrateOMultipleContactUsingTest" name="verifyUserCreateConact" time="19.026"/>
  <testcase classname="com.crm.vtiger.ParallelExecution.CrateOMultipleContactUsingTest" name="verifyUserCreateConact" time="19.377"/>
  <testcase classname="com.crm.vtiger.ParallelExecution.CrateOMultipleContactUsingTest" name="verifyUserCreateConact" time="16.369"/>
</testsuite> <!-- com.crm.vtiger.ParallelExecution.CrateOMultipleContactUsingTest -->
