<?xml version="1.0" encoding="UTF-8"?>
<!-- Generated by org.testng.reporters.JUnitReportReporter -->
<testsuite hostname="Mathi" failures="0" tests="1" name="com.crm.vtiger.organisation.CrateOrganisationTestByUsingTestNG" time="11.314" errors="0" timestamp="2023-12-19T15:02:59 IST" skipped="0">
  <testcase classname="com.crm.vtiger.organisation.CrateOrganisationTestByUsingTestNG" name="verifyuserCreateOrganisation" time="11.314">
    <system-out>
      <![CDATA[Organisation Link Clicked
add Organisation Link Clicked
Organisation added]]>
    </system-out>
  </testcase> <!-- verifyuserCreateOrganisation -->
  <system-out>
    <![CDATA[Organisation Link Clicked
add Organisation Link Clicked
Organisation added]]>
  </system-out>
</testsuite> <!-- com.crm.vtiger.organisation.CrateOrganisationTestByUsingTestNG -->
