<?xml version="1.0" encoding="UTF-8"?>
<!-- Generated by org.testng.reporters.JUnitReportReporter -->
<testsuite hostname="Mathi" failures="0" tests="1" name="com.crm.vtiger.organisationContact.CrateOrganisationContactUsingTestNG" time="17.071" errors="0" timestamp="2023-10-13T01:09:11 IST" skipped="0">
  <testcase classname="com.crm.vtiger.organisationContact.CrateOrganisationContactUsingTestNG" name="verifyUserCreateConact" time="17.071"/>
</testsuite> <!-- com.crm.vtiger.organisationContact.CrateOrganisationContactUsingTestNG -->
