<?xml version="1.0" encoding="UTF-8"?>
<!-- Generated by org.testng.reporters.JUnitReportReporter -->
<testsuite hostname="Mathi" failures="0" tests="1" name="com.crm.vtiger.organisation.CrateOrganisationTestByUsingTestNG" time="17.167" errors="0" timestamp="2023-10-17T18:52:48 IST" skipped="0">
  <testcase classname="com.crm.vtiger.organisation.CrateOrganisationTestByUsingTestNG" name="verifyuserCreateOrganisation" time="17.167">
    <system-out>
      <![CDATA[Organisation Link Clicked
add Organisation Link Clicked
Organisation added]]>
    </system-out>
  </testcase> <!-- verifyuserCreateOrganisation -->
  <system-out>
    <![CDATA[Organisation Link Clicked
add Organisation Link Clicked
Organisation added]]>
  </system-out>
</testsuite> <!-- com.crm.vtiger.organisation.CrateOrganisationTestByUsingTestNG -->
