<?xml version="1.0" encoding="UTF-8"?>
<!-- Generated by org.testng.reporters.JUnitReportReporter -->
<testsuite hostname="Mathi" failures="0" tests="5" name="com.crm.vtiger.regressionTest.CrateOMultipleContactUsingTest" time="74.565" errors="0" timestamp="2023-10-13T15:53:57 IST" skipped="0">
  <testcase classname="com.crm.vtiger.regressionTest.CrateOMultipleContactUsingTest" name="verifyUserCreateConact" time="15.522"/>
  <testcase classname="com.crm.vtiger.regressionTest.CrateOMultipleContactUsingTest" name="verifyUserCreateConact" time="14.608"/>
  <testcase classname="com.crm.vtiger.regressionTest.CrateOMultipleContactUsingTest" name="verifyUserCreateConact" time="15.161"/>
  <testcase classname="com.crm.vtiger.regressionTest.CrateOMultipleContactUsingTest" name="verifyUserCreateConact" time="14.513"/>
  <testcase classname="com.crm.vtiger.regressionTest.CrateOMultipleContactUsingTest" name="verifyUserCreateConact" time="14.761"/>
</testsuite> <!-- com.crm.vtiger.regressionTest.CrateOMultipleContactUsingTest -->
