<?xml version="1.0" encoding="UTF-8"?>
<!-- Generated by org.testng.reporters.JUnitReportReporter -->
<testsuite hostname="Mathi" failures="0" tests="7" name="com.crm.vtiger.ParallelExecution.CrateMultipleOrgTest" time="0.004" errors="1" timestamp="2023-10-14T13:56:36 IST" skipped="6">
  <testcase classname="com.crm.vtiger.ParallelExecution.CrateMultipleOrgTest" name="verifyUserCreateMultipleOrganisationTest" time="0.000">
    <skipped/>
  </testcase> <!-- verifyUserCreateMultipleOrganisationTest -->
  <testcase classname="com.crm.vtiger.ParallelExecution.CrateMultipleOrgTest" name="bm_config" time="0.004">
    <error message="Cannot invoke &quot;org.openqa.selenium.SearchContext.findElement(org.openqa.selenium.By)&quot; because &quot;this.searchContext&quot; is null" type="java.lang.NullPointerException">
      <![CDATA[java.lang.NullPointerException: Cannot invoke "org.openqa.selenium.SearchContext.findElement(org.openqa.selenium.By)" because "this.searchContext" is null
at org.openqa.selenium.support.pagefactory.DefaultElementLocator.findElement(DefaultElementLocator.java:68)
at org.openqa.selenium.support.pagefactory.internal.LocatingElementHandler.invoke(LocatingElementHandler.java:38)
at jdk.proxy2/jdk.proxy2.$Proxy21.sendKeys(Unknown Source)
at com.crm.vtiger.ObjectRepositary.LoginPage.login(LoginPage.java:42)
at com.crm.vtiger.GenericUtility.BaseClassForParallelExecution.bm_config(BaseClassForParallelExecution.java:53)
at java.base/jdk.internal.reflect.NativeMethodAccessorImpl.invoke0(Native Method)
at java.base/jdk.internal.reflect.NativeMethodAccessorImpl.invoke(NativeMethodAccessorImpl.java:77)
at java.base/jdk.internal.reflect.DelegatingMethodAccessorImpl.invoke(DelegatingMethodAccessorImpl.java:43)
at java.base/java.lang.reflect.Method.invoke(Method.java:568)
at org.testng.internal.invokers.MethodInvocationHelper.invokeMethod(MethodInvocationHelper.java:139)
at org.testng.internal.invokers.MethodInvocationHelper.invokeMethodConsideringTimeout(MethodInvocationHelper.java:69)
at org.testng.internal.invokers.ConfigInvoker.invokeConfigurationMethod(ConfigInvoker.java:390)
at org.testng.internal.invokers.ConfigInvoker.invokeConfigurations(ConfigInvoker.java:325)
at org.testng.internal.invokers.TestInvoker.runConfigMethods(TestInvoker.java:810)
at org.testng.internal.invokers.TestInvoker.invokeMethod(TestInvoker.java:577)
at org.testng.internal.invokers.TestInvoker.invokeTestMethod(TestInvoker.java:227)
at org.testng.internal.invokers.MethodRunner.runInSequence(MethodRunner.java:50)
at org.testng.internal.invokers.TestInvoker$MethodInvocationAgent.invoke(TestInvoker.java:957)
at org.testng.internal.invokers.TestInvoker.invokeTestMethods(TestInvoker.java:200)
at org.testng.internal.invokers.TestMethodWorker.invokeTestMethods(TestMethodWorker.java:148)
at org.testng.internal.invokers.TestMethodWorker.run(TestMethodWorker.java:128)
at java.base/java.util.ArrayList.forEach(ArrayList.java:1511)
at org.testng.TestRunner.privateRun(TestRunner.java:848)
at org.testng.TestRunner.run(TestRunner.java:621)
at org.testng.SuiteRunner.runTest(SuiteRunner.java:443)
at org.testng.SuiteRunner$SuiteWorker.run(SuiteRunner.java:481)
at org.testng.internal.thread.ThreadUtil.lambda$execute$0(ThreadUtil.java:58)
at java.base/java.util.concurrent.FutureTask.run(FutureTask.java:264)
at java.base/java.util.concurrent.ThreadPoolExecutor.runWorker(ThreadPoolExecutor.java:1136)
at java.base/java.util.concurrent.ThreadPoolExecutor$Worker.run(ThreadPoolExecutor.java:635)
at java.base/java.lang.Thread.run(Thread.java:833)
]]>
    </error>
  </testcase> <!-- bm_config -->
  <testcase classname="com.crm.vtiger.ParallelExecution.CrateMultipleOrgTest" name="regional" time="0.000">
    <skipped/>
  </testcase> <!-- regional -->
  <testcase classname="com.crm.vtiger.ParallelExecution.CrateMultipleOrgTest" name="verifyUserCreateMultipleOrganisationTest" time="0.000">
    <skipped/>
  </testcase> <!-- verifyUserCreateMultipleOrganisationTest -->
  <testcase classname="com.crm.vtiger.ParallelExecution.CrateMultipleOrgTest" name="verifyUserCreateMultipleOrganisationTest" time="0.000">
    <skipped/>
  </testcase> <!-- verifyUserCreateMultipleOrganisationTest -->
  <testcase classname="com.crm.vtiger.ParallelExecution.CrateMultipleOrgTest" name="verifyUserCreateMultipleOrganisationTest" time="0.000">
    <skipped/>
  </testcase> <!-- verifyUserCreateMultipleOrganisationTest -->
  <testcase classname="com.crm.vtiger.ParallelExecution.CrateMultipleOrgTest" name="verifyUserCreateMultipleOrganisationTest" time="0.000">
    <skipped/>
  </testcase> <!-- verifyUserCreateMultipleOrganisationTest -->
</testsuite> <!-- com.crm.vtiger.ParallelExecution.CrateMultipleOrgTest -->
