<?xml version="1.0" encoding="UTF-8"?>
<!-- Generated by org.testng.reporters.JUnitReportReporter -->
<testsuite hostname="Mathi" failures="0" tests="1" name="com.crm.vtiger.regressionTest.CrateOrganisationTestByUsingTestNG" time="15.551" errors="0" timestamp="2023-10-13T15:53:57 IST" skipped="0">
  <testcase classname="com.crm.vtiger.regressionTest.CrateOrganisationTestByUsingTestNG" name="verifyuserCreateOrganisation" time="15.551"/>
</testsuite> <!-- com.crm.vtiger.regressionTest.CrateOrganisationTestByUsingTestNG -->
