<?xml version="1.0" encoding="UTF-8"?>
<!-- Generated by org.testng.reporters.JUnitReportReporter -->
<testsuite hostname="Mathi" failures="0" tests="5" name="com.crm.vtiger.organisationContact.CrateOMultipleContactUsingTest" time="73.763" errors="0" timestamp="2023-10-13T15:02:29 IST" skipped="0">
  <testcase classname="com.crm.vtiger.organisationContact.CrateOMultipleContactUsingTest" name="verifyUserCreateConact" time="14.718"/>
  <testcase classname="com.crm.vtiger.organisationContact.CrateOMultipleContactUsingTest" name="verifyUserCreateConact" time="15.553"/>
  <testcase classname="com.crm.vtiger.organisationContact.CrateOMultipleContactUsingTest" name="verifyUserCreateConact" time="14.653"/>
  <testcase classname="com.crm.vtiger.organisationContact.CrateOMultipleContactUsingTest" name="verifyUserCreateConact" time="14.184"/>
  <testcase classname="com.crm.vtiger.organisationContact.CrateOMultipleContactUsingTest" name="verifyUserCreateConact" time="14.655"/>
</testsuite> <!-- com.crm.vtiger.organisationContact.CrateOMultipleContactUsingTest -->
