<?xml version="1.0" encoding="UTF-8"?>
<!-- Generated by org.testng.reporters.JUnitReportReporter -->
<testsuite hostname="Mathi" failures="0" tests="1" name="com.crm.vtiger.organisation.CrateOrganisationTestByUsingTestNG" time="18.489" errors="0" timestamp="2023-10-11T17:34:42 IST" skipped="0">
  <testcase classname="com.crm.vtiger.organisation.CrateOrganisationTestByUsingTestNG" name="verifyuserCreateOrganisation" time="18.489"/>
</testsuite> <!-- com.crm.vtiger.organisation.CrateOrganisationTestByUsingTestNG -->
